[2020-11-19 11:19:13] [main] - [INFO ] [ com.beiwangshan.blog.BlogApplication] - Starting BlogApplication on LAPTOP-P6BS21O3 with PID 4208 (E:\毕业设计\blog\code\bws_blog\target\classes started by 14333 in E:\毕业设计\blog\code\bws_blog)
[2020-11-19 11:19:13] [main] - [INFO ] [ com.beiwangshan.blog.BlogApplication] - No active profile set, falling back to default profiles: default
[2020-11-19 11:19:21] [main] - [INFO ] [ com.beiwangshan.blog.BlogApplication] - Started BlogApplication in 8.541 seconds (JVM running for 10.964)
[2020-11-19 11:19:33] [http-nio-2020-exec-2] - [INFO ] [ com.beiwangshan.blog.controller.TestController] - 图灵验证码 ==> 74466
[2020-11-19 11:22:31] [main] - [INFO ] [ com.beiwangshan.blog.BlogApplication] - Starting BlogApplication on LAPTOP-P6BS21O3 with PID 2468 (E:\毕业设计\blog\code\bws_blog\target\classes started by 14333 in E:\毕业设计\blog\code\bws_blog)
[2020-11-19 11:22:31] [main] - [INFO ] [ com.beiwangshan.blog.BlogApplication] - No active profile set, falling back to default profiles: default
[2020-11-19 11:22:37] [main] - [INFO ] [ com.beiwangshan.blog.BlogApplication] - Started BlogApplication in 6.496 seconds (JVM running for 8.133)
[2020-11-19 11:22:59] [http-nio-2020-exec-2] - [INFO ] [ com.beiwangshan.blog.controller.TestController] - hello world...redisCode ===> 74466
[2020-11-19 16:32:43] [main] - [INFO ] [ com.beiwangshan.blog.BlogApplication] - Starting BlogApplication on LAPTOP-P6BS21O3 with PID 13992 (E:\毕业设计\blog\code\bws_blog\target\classes started by 14333 in E:\毕业设计\blog\code\bws_blog)
[2020-11-19 16:32:43] [main] - [INFO ] [ com.beiwangshan.blog.BlogApplication] - No active profile set, falling back to default profiles: default
[2020-11-19 16:32:48] [main] - [INFO ] [ com.beiwangshan.blog.BlogApplication] - Started BlogApplication in 6.007 seconds (JVM running for 7.225)
[2020-11-19 16:34:33] [main] - [INFO ] [ com.beiwangshan.blog.BlogApplication] - Starting BlogApplication on LAPTOP-P6BS21O3 with PID 2412 (E:\毕业设计\blog\code\bws_blog\target\classes started by 14333 in E:\毕业设计\blog\code\bws_blog)
[2020-11-19 16:34:33] [main] - [INFO ] [ com.beiwangshan.blog.BlogApplication] - No active profile set, falling back to default profiles: default
[2020-11-19 16:34:37] [main] - [INFO ] [ com.beiwangshan.blog.BlogApplication] - Started BlogApplication in 4.507 seconds (JVM running for 5.796)
[2020-11-19 16:38:03] [main] - [INFO ] [ com.beiwangshan.blog.BlogApplication] - Starting BlogApplication on LAPTOP-P6BS21O3 with PID 11592 (E:\毕业设计\blog\code\bws_blog\target\classes started by 14333 in E:\毕业设计\blog\code\bws_blog)
[2020-11-19 16:38:03] [main] - [INFO ] [ com.beiwangshan.blog.BlogApplication] - No active profile set, falling back to default profiles: default
[2020-11-19 16:38:07] [main] - [INFO ] [ com.beiwangshan.blog.BlogApplication] - Started BlogApplication in 4.355 seconds (JVM running for 5.407)
[2020-11-19 16:43:08] [main] - [INFO ] [ com.beiwangshan.blog.BlogApplication] - Starting BlogApplication on LAPTOP-P6BS21O3 with PID 9904 (E:\毕业设计\blog\code\bws_blog\target\classes started by 14333 in E:\毕业设计\blog\code\bws_blog)
[2020-11-19 16:43:08] [main] - [INFO ] [ com.beiwangshan.blog.BlogApplication] - No active profile set, falling back to default profiles: default
[2020-11-19 16:43:12] [main] - [INFO ] [ com.beiwangshan.blog.BlogApplication] - Started BlogApplication in 4.251 seconds (JVM running for 5.827)
[2020-11-19 16:44:02] [main] - [INFO ] [ com.beiwangshan.blog.BlogApplication] - Starting BlogApplication on LAPTOP-P6BS21O3 with PID 13292 (E:\毕业设计\blog\code\bws_blog\target\classes started by 14333 in E:\毕业设计\blog\code\bws_blog)
[2020-11-19 16:44:02] [main] - [INFO ] [ com.beiwangshan.blog.BlogApplication] - No active profile set, falling back to default profiles: default
[2020-11-19 16:44:06] [main] - [INFO ] [ com.beiwangshan.blog.BlogApplication] - Started BlogApplication in 4.785 seconds (JVM running for 5.883)
[2020-11-19 16:44:43] [http-nio-2020-exec-5] - [INFO ] [ com.beiwangshan.blog.service.Impl.UserServiceImpl] - fontTypeIndex ==> 8
[2020-11-19 16:44:43] [http-nio-2020-exec-5] - [INFO ] [ com.beiwangshan.blog.service.Impl.UserServiceImpl] - 图灵验证码 ==> hx2zb
[2020-11-19 16:45:54] [main] - [INFO ] [ com.beiwangshan.blog.BlogApplication] - Starting BlogApplication on LAPTOP-P6BS21O3 with PID 4088 (E:\毕业设计\blog\code\bws_blog\target\classes started by 14333 in E:\毕业设计\blog\code\bws_blog)
[2020-11-19 16:45:54] [main] - [INFO ] [ com.beiwangshan.blog.BlogApplication] - No active profile set, falling back to default profiles: default
[2020-11-19 16:45:58] [main] - [INFO ] [ com.beiwangshan.blog.BlogApplication] - Started BlogApplication in 4.647 seconds (JVM running for 5.691)
[2020-11-19 16:46:13] [http-nio-2020-exec-1] - [INFO ] [ com.beiwangshan.blog.service.Impl.UserServiceImpl] - fontTypeIndex ==> 8
[2020-11-19 16:46:13] [http-nio-2020-exec-1] - [INFO ] [ com.beiwangshan.blog.service.Impl.UserServiceImpl] - 图灵验证码 ==> qgz6y
[2020-11-19 16:46:22] [http-nio-2020-exec-3] - [INFO ] [ com.beiwangshan.blog.service.Impl.UserServiceImpl] - fontTypeIndex ==> 4
[2020-11-19 16:46:22] [http-nio-2020-exec-3] - [INFO ] [ com.beiwangshan.blog.service.Impl.UserServiceImpl] - 图灵验证码 ==> -1
[2020-11-19 16:46:26] [http-nio-2020-exec-4] - [INFO ] [ com.beiwangshan.blog.service.Impl.UserServiceImpl] - fontTypeIndex ==> 7
[2020-11-19 16:46:26] [http-nio-2020-exec-4] - [INFO ] [ com.beiwangshan.blog.service.Impl.UserServiceImpl] - 图灵验证码 ==> -6
[2020-11-19 16:46:34] [http-nio-2020-exec-5] - [INFO ] [ com.beiwangshan.blog.service.Impl.UserServiceImpl] - fontTypeIndex ==> 0
[2020-11-19 16:46:34] [http-nio-2020-exec-5] - [INFO ] [ com.beiwangshan.blog.service.Impl.UserServiceImpl] - 图灵验证码 ==> tksuu
[2020-11-19 16:46:35] [http-nio-2020-exec-6] - [INFO ] [ com.beiwangshan.blog.service.Impl.UserServiceImpl] - fontTypeIndex ==> 3
[2020-11-19 16:46:35] [http-nio-2020-exec-6] - [INFO ] [ com.beiwangshan.blog.service.Impl.UserServiceImpl] - 图灵验证码 ==> yxbgc
[2020-11-19 18:46:52] [main] - [INFO ] [ com.beiwangshan.blog.BlogApplication] - Starting BlogApplication on LAPTOP-P6BS21O3 with PID 19000 (E:\毕业设计\blog\code\bws_blog\target\classes started by 14333 in E:\毕业设计\blog\code\bws_blog)
[2020-11-19 18:46:52] [main] - [INFO ] [ com.beiwangshan.blog.BlogApplication] - No active profile set, falling back to default profiles: default
[2020-11-19 18:47:00] [main] - [INFO ] [ com.beiwangshan.blog.BlogApplication] - Started BlogApplication in 9.205 seconds (JVM running for 11.912)
[2020-11-19 18:47:55] [http-nio-2020-exec-1] - [INFO ] [ com.beiwangshan.blog.controller.user.UserApi] - emailAddress ==> beiwangshan@yeah.net
[2020-11-19 18:47:55] [http-nio-2020-exec-1] - [INFO ] [ com.beiwangshan.blog.service.Impl.UserServiceImpl] - sendEmail ==> ip ==> 0:0:0:0:0:0:0:1
[2020-11-19 18:50:22] [main] - [INFO ] [ com.beiwangshan.blog.BlogApplication] - Starting BlogApplication on LAPTOP-P6BS21O3 with PID 13372 (E:\毕业设计\blog\code\bws_blog\target\classes started by 14333 in E:\毕业设计\blog\code\bws_blog)
[2020-11-19 18:50:22] [main] - [INFO ] [ com.beiwangshan.blog.BlogApplication] - No active profile set, falling back to default profiles: default
[2020-11-19 18:50:29] [main] - [INFO ] [ com.beiwangshan.blog.BlogApplication] - Started BlogApplication in 8.022 seconds (JVM running for 10.093)
[2020-11-19 18:50:39] [http-nio-2020-exec-1] - [INFO ] [ com.beiwangshan.blog.controller.user.UserApi] - emailAddress ==> beiwangshan@yeah.net
[2020-11-19 18:50:39] [http-nio-2020-exec-1] - [INFO ] [ com.beiwangshan.blog.service.Impl.UserServiceImpl] - sendEmail ==> ip ==> 0:0:0:0:0:0:0:1
[2020-11-19 18:51:52] [main] - [INFO ] [ com.beiwangshan.blog.BlogApplication] - Starting BlogApplication on LAPTOP-P6BS21O3 with PID 11436 (E:\毕业设计\blog\code\bws_blog\target\classes started by 14333 in E:\毕业设计\blog\code\bws_blog)
[2020-11-19 18:51:52] [main] - [INFO ] [ com.beiwangshan.blog.BlogApplication] - No active profile set, falling back to default profiles: default
[2020-11-19 18:51:57] [main] - [INFO ] [ com.beiwangshan.blog.BlogApplication] - Started BlogApplication in 6.004 seconds (JVM running for 7.457)
[2020-11-19 18:52:44] [http-nio-2020-exec-1] - [INFO ] [ com.beiwangshan.blog.controller.user.UserApi] - emailAddress ==> beiwangshan@yeah.net
[2020-11-19 18:52:44] [http-nio-2020-exec-1] - [INFO ] [ com.beiwangshan.blog.service.Impl.UserServiceImpl] - sendEmail ==> ip ==> 0:0:0:0:0:0:0:1
[2020-11-19 19:23:24] [main] - [INFO ] [ com.beiwangshan.blog.BlogApplication] - Starting BlogApplication on LAPTOP-P6BS21O3 with PID 13080 (E:\毕业设计\blog\code\bws_blog\target\classes started by 14333 in E:\毕业设计\blog\code\bws_blog)
[2020-11-19 19:23:24] [main] - [INFO ] [ com.beiwangshan.blog.BlogApplication] - No active profile set, falling back to default profiles: default
[2020-11-19 19:23:31] [main] - [INFO ] [ com.beiwangshan.blog.BlogApplication] - Started BlogApplication in 7.491 seconds (JVM running for 9.379)
[2020-11-19 19:23:35] [http-nio-2020-exec-4] - [INFO ] [ com.beiwangshan.blog.controller.user.UserApi] - emailAddress ==> beiwangshan@yeah.net
[2020-11-19 19:23:35] [http-nio-2020-exec-4] - [INFO ] [ com.beiwangshan.blog.service.Impl.UserServiceImpl] - sendEmail ==> ip ==> 0:0:0:0:0:0:0:1
[2020-11-19 19:27:16] [main] - [INFO ] [ com.beiwangshan.blog.BlogApplication] - Starting BlogApplication on LAPTOP-P6BS21O3 with PID 18248 (E:\毕业设计\blog\code\bws_blog\target\classes started by 14333 in E:\毕业设计\blog\code\bws_blog)
[2020-11-19 19:27:16] [main] - [INFO ] [ com.beiwangshan.blog.BlogApplication] - No active profile set, falling back to default profiles: default
[2020-11-19 19:27:22] [main] - [INFO ] [ com.beiwangshan.blog.BlogApplication] - Started BlogApplication in 7.16 seconds (JVM running for 8.615)
[2020-11-19 19:27:31] [http-nio-2020-exec-1] - [INFO ] [ com.beiwangshan.blog.controller.user.UserApi] - emailAddress ==> beiwangshan@yeah.net
[2020-11-19 19:27:31] [http-nio-2020-exec-1] - [INFO ] [ com.beiwangshan.blog.service.Impl.UserServiceImpl] - sendEmail ==> ip ==> 0:0:0:0:0:0:0:1
[2020-11-19 20:47:24] [main] - [INFO ] [ com.beiwangshan.blog.BlogApplication] - Starting BlogApplication on LAPTOP-P6BS21O3 with PID 10100 (E:\毕业设计\blog\code\bws_blog\target\classes started by 14333 in E:\毕业设计\blog\code\bws_blog)
[2020-11-19 20:47:24] [main] - [INFO ] [ com.beiwangshan.blog.BlogApplication] - No active profile set, falling back to default profiles: default
